This file contains any messages produced by compilers while
running configure, to aid debugging if configure makes a mistake.

It was created by expat configure 2.0.1, which was
generated by GNU Autoconf 2.59.  Invocation command line was

  $ ./configure --prefix=/rtfproc/anaconda2_4.2.0/conda-bld/iraf_1522764379718/work/vendor/voclient/common/../

## --------- ##
## Platform. ##
## --------- ##

hostname = sbfrtf02.cl.gemini.edu
uname -m = x86_64
uname -r = 2.6.18-371.6.1.el5
uname -s = Linux
uname -v = #1 SMP Wed Mar 12 20:03:51 EDT 2014

/usr/bin/uname -p = unknown
/bin/uname -X     = unknown

/bin/arch              = x86_64
/usr/bin/arch -k       = unknown
/usr/convex/getsysinfo = unknown
hostinfo               = unknown
/bin/machine           = unknown
/usr/bin/oslevel       = unknown
/bin/universe          = unknown

PATH: /rtfproc/anaconda2_4.2.0/conda-bld/iraf_1522764379718/work//bin_directory
PATH: /usr/kerberos/bin
PATH: /fs/computo52/other0/dani/Omaira/CanariCam/CCAM/miniconda3/envs/iraf27/bin
PATH: /fs/computo52/other0/dani/Omaira/CanariCam/CCAM/miniconda3/envs/iraf27
PATH: /fs/computo52/other0/dani/Omaira/CanariCam/CCAM/miniconda3/envs/iraf27/bin
PATH: /rtfproc/anaconda2_4.2.0/bin
PATH: /home/rtfuser/git_local/bin
PATH: /home/rtfuser/gvs
PATH: /bin
PATH: /usr/bin


## ----------- ##
## Core tests. ##
## ----------- ##

configure:2092: checking build system type
configure:2110: result: x86_64-unknown-linux-gnu
configure:2118: checking host system type
configure:2132: result: x86_64-unknown-linux-gnu
configure:2186: checking for gcc
configure:2212: result: gcc
configure:2456: checking for C compiler version
configure:2459: gcc --version </dev/null >&5
gcc (GCC) 4.1.2 20080704 (Red Hat 4.1.2-54)
Copyright (C) 2006 Free Software Foundation, Inc.
This is free software; see the source for copying conditions.  There is NO
warranty; not even for MERCHANTABILITY or FITNESS FOR A PARTICULAR PURPOSE.

configure:2462: $? = 0
configure:2464: gcc -v </dev/null >&5
Using built-in specs.
Target: x86_64-redhat-linux
Configured with: ../configure --prefix=/usr --mandir=/usr/share/man --infodir=/usr/share/info --enable-shared --enable-threads=posix --enable-checking=release --with-system-zlib --enable-__cxa_atexit --disable-libunwind-exceptions --enable-libgcj-multifile --enable-languages=c,c++,objc,obj-c++,java,fortran,ada --enable-java-awt=gtk --disable-dssi --disable-plugin --with-java-home=/usr/lib/jvm/java-1.4.2-gcj-1.4.2.0/jre --with-cpu=generic --host=x86_64-redhat-linux
Thread model: posix
gcc version 4.1.2 20080704 (Red Hat 4.1.2-54)
configure:2467: $? = 0
configure:2469: gcc -V </dev/null >&5
gcc: '-V' option must have argument
configure:2472: $? = 1
configure:2495: checking for C compiler default output file name
configure:2498: gcc -m32 -g -Wall  -DLinux -I../../lib/ -I./ -L./ -g -Wall  -DLinux -I../include/ -I./ -L./   conftest.c  >&5
configure:2501: $? = 0
configure:2547: result: a.out
configure:2552: checking whether the C compiler works
configure:2558: ./a.out
configure:2561: $? = 0
configure:2578: result: yes
configure:2585: checking whether we are cross compiling
configure:2587: result: no
configure:2590: checking for suffix of executables
configure:2592: gcc -o conftest -m32 -g -Wall  -DLinux -I../../lib/ -I./ -L./ -g -Wall  -DLinux -I../include/ -I./ -L./   conftest.c  >&5
configure:2595: $? = 0
configure:2620: result: 
configure:2626: checking for suffix of object files
configure:2647: gcc -c -m32 -g -Wall  -DLinux -I../../lib/ -I./ -L./ -g -Wall  -DLinux -I../include/ -I./ -L./  conftest.c >&5
configure:2650: $? = 0
configure:2672: result: o
configure:2676: checking whether we are using the GNU C compiler
configure:2700: gcc -c -m32 -g -Wall  -DLinux -I../../lib/ -I./ -L./ -g -Wall  -DLinux -I../include/ -I./ -L./  conftest.c >&5
configure:2706: $? = 0
configure:2710: test -z 
			 || test ! -s conftest.err
configure:2713: $? = 0
configure:2716: test -s conftest.o
configure:2719: $? = 0
configure:2732: result: yes
configure:2738: checking whether gcc accepts -g
configure:2759: gcc -c -g  conftest.c >&5
configure:2765: $? = 0
configure:2769: test -z 
			 || test ! -s conftest.err
configure:2772: $? = 0
configure:2775: test -s conftest.o
configure:2778: $? = 0
configure:2789: result: yes
configure:2806: checking for gcc option to accept ANSI C
configure:2876: gcc  -c -m32 -g -Wall  -DLinux -I../../lib/ -I./ -L./ -g -Wall  -DLinux -I../include/ -I./ -L./  conftest.c >&5
configure:2882: $? = 0
configure:2886: test -z 
			 || test ! -s conftest.err
configure:2889: $? = 0
configure:2892: test -s conftest.o
configure:2895: $? = 0
configure:2913: result: none needed
configure:2931: gcc -c -m32 -g -Wall  -DLinux -I../../lib/ -I./ -L./ -g -Wall  -DLinux -I../include/ -I./ -L./  conftest.c >&5
conftest.c:2: error: expected '=', ',', ';', 'asm' or '__attribute__' before 'me'
configure:2937: $? = 1
configure: failed program was:
| #ifndef __cplusplus
|   choke me
| #endif
configure:3070: checking for a sed that does not truncate output
configure:3124: result: /bin/sed
configure:3127: checking for egrep
configure:3137: result: grep -E
configure:3153: checking for ld used by gcc
configure:3220: result: gcc
configure:3229: checking if the linker (gcc) is GNU ld
configure:3244: result: no
configure:3249: checking for gcc option to reload object files
configure:3256: result: -r
configure:3274: checking for BSD-compatible nm
configure:3323: result: /usr/bin/nm -B
configure:3327: checking whether ln -s works
configure:3331: result: yes
configure:3338: checking how to recognise dependent libraries
configure:3514: result: pass_all
configure:3602: gcc -c -m32 -g -Wall  -DLinux -I../../lib/ -I./ -L./ -g -Wall  -DLinux -I../include/ -I./ -L./  conftest.c >&5
configure:3605: $? = 0
configure:3993: checking how to run the C preprocessor
configure:4028: gcc -E  conftest.c
configure:4034: $? = 0
configure:4066: gcc -E  conftest.c
conftest.c:9:28: error: ac_nonexistent.h: No such file or directory
configure:4072: $? = 1
configure: failed program was:
| /* confdefs.h.  */
| 
| #define PACKAGE_NAME "expat"
| #define PACKAGE_TARNAME "expat"
| #define PACKAGE_VERSION "2.0.1"
| #define PACKAGE_STRING "expat 2.0.1"
| #define PACKAGE_BUGREPORT "expat-bugs@libexpat.org"
| /* end confdefs.h.  */
| #include <ac_nonexistent.h>
configure:4111: result: gcc -E
configure:4135: gcc -E  conftest.c
configure:4141: $? = 0
configure:4173: gcc -E  conftest.c
conftest.c:9:28: error: ac_nonexistent.h: No such file or directory
configure:4179: $? = 1
configure: failed program was:
| /* confdefs.h.  */
| 
| #define PACKAGE_NAME "expat"
| #define PACKAGE_TARNAME "expat"
| #define PACKAGE_VERSION "2.0.1"
| #define PACKAGE_STRING "expat 2.0.1"
| #define PACKAGE_BUGREPORT "expat-bugs@libexpat.org"
| /* end confdefs.h.  */
| #include <ac_nonexistent.h>
configure:4223: checking for ANSI C header files
configure:4248: gcc -c -m32 -g -Wall  -DLinux -I../../lib/ -I./ -L./ -g -Wall  -DLinux -I../include/ -I./ -L./  conftest.c >&5
configure:4254: $? = 0
configure:4258: test -z 
			 || test ! -s conftest.err
configure:4261: $? = 0
configure:4264: test -s conftest.o
configure:4267: $? = 0
configure:4356: gcc -o conftest -m32 -g -Wall  -DLinux -I../../lib/ -I./ -L./ -g -Wall  -DLinux -I../include/ -I./ -L./   conftest.c  >&5
conftest.c: In function 'main':
conftest.c:26: warning: implicit declaration of function 'exit'
conftest.c:26: warning: incompatible implicit declaration of built-in function 'exit'
configure:4359: $? = 0
configure:4361: ./conftest
configure:4364: $? = 0
configure:4379: result: yes
configure:4403: checking for sys/types.h
configure:4419: gcc -c -m32 -g -Wall  -DLinux -I../../lib/ -I./ -L./ -g -Wall  -DLinux -I../include/ -I./ -L./  conftest.c >&5
configure:4425: $? = 0
configure:4429: test -z 
			 || test ! -s conftest.err
configure:4432: $? = 0
configure:4435: test -s conftest.o
configure:4438: $? = 0
configure:4449: result: yes
configure:4403: checking for sys/stat.h
configure:4419: gcc -c -m32 -g -Wall  -DLinux -I../../lib/ -I./ -L./ -g -Wall  -DLinux -I../include/ -I./ -L./  conftest.c >&5
configure:4425: $? = 0
configure:4429: test -z 
			 || test ! -s conftest.err
configure:4432: $? = 0
configure:4435: test -s conftest.o
configure:4438: $? = 0
configure:4449: result: yes
configure:4403: checking for stdlib.h
configure:4419: gcc -c -m32 -g -Wall  -DLinux -I../../lib/ -I./ -L./ -g -Wall  -DLinux -I../include/ -I./ -L./  conftest.c >&5
configure:4425: $? = 0
configure:4429: test -z 
			 || test ! -s conftest.err
configure:4432: $? = 0
configure:4435: test -s conftest.o
configure:4438: $? = 0
configure:4449: result: yes
configure:4403: checking for string.h
configure:4419: gcc -c -m32 -g -Wall  -DLinux -I../../lib/ -I./ -L./ -g -Wall  -DLinux -I../include/ -I./ -L./  conftest.c >&5
configure:4425: $? = 0
configure:4429: test -z 
			 || test ! -s conftest.err
configure:4432: $? = 0
configure:4435: test -s conftest.o
configure:4438: $? = 0
configure:4449: result: yes
configure:4403: checking for memory.h
configure:4419: gcc -c -m32 -g -Wall  -DLinux -I../../lib/ -I./ -L./ -g -Wall  -DLinux -I../include/ -I./ -L./  conftest.c >&5
configure:4425: $? = 0
configure:4429: test -z 
			 || test ! -s conftest.err
configure:4432: $? = 0
configure:4435: test -s conftest.o
configure:4438: $? = 0
configure:4449: result: yes
configure:4403: checking for strings.h
configure:4419: gcc -c -m32 -g -Wall  -DLinux -I../../lib/ -I./ -L./ -g -Wall  -DLinux -I../include/ -I./ -L./  conftest.c >&5
configure:4425: $? = 0
configure:4429: test -z 
			 || test ! -s conftest.err
configure:4432: $? = 0
configure:4435: test -s conftest.o
configure:4438: $? = 0
configure:4449: result: yes
configure:4403: checking for inttypes.h
configure:4419: gcc -c -m32 -g -Wall  -DLinux -I../../lib/ -I./ -L./ -g -Wall  -DLinux -I../include/ -I./ -L./  conftest.c >&5
configure:4425: $? = 0
configure:4429: test -z 
			 || test ! -s conftest.err
configure:4432: $? = 0
configure:4435: test -s conftest.o
configure:4438: $? = 0
configure:4449: result: yes
configure:4403: checking for stdint.h
configure:4419: gcc -c -m32 -g -Wall  -DLinux -I../../lib/ -I./ -L./ -g -Wall  -DLinux -I../include/ -I./ -L./  conftest.c >&5
configure:4425: $? = 0
configure:4429: test -z 
			 || test ! -s conftest.err
configure:4432: $? = 0
configure:4435: test -s conftest.o
configure:4438: $? = 0
configure:4449: result: yes
configure:4403: checking for unistd.h
configure:4419: gcc -c -m32 -g -Wall  -DLinux -I../../lib/ -I./ -L./ -g -Wall  -DLinux -I../include/ -I./ -L./  conftest.c >&5
configure:4425: $? = 0
configure:4429: test -z 
			 || test ! -s conftest.err
configure:4432: $? = 0
configure:4435: test -s conftest.o
configure:4438: $? = 0
configure:4449: result: yes
configure:4475: checking dlfcn.h usability
configure:4487: gcc -c -m32 -g -Wall  -DLinux -I../../lib/ -I./ -L./ -g -Wall  -DLinux -I../include/ -I./ -L./  conftest.c >&5
configure:4493: $? = 0
configure:4497: test -z 
			 || test ! -s conftest.err
configure:4500: $? = 0
configure:4503: test -s conftest.o
configure:4506: $? = 0
configure:4516: result: yes
configure:4520: checking dlfcn.h presence
configure:4530: gcc -E  conftest.c
configure:4536: $? = 0
configure:4556: result: yes
configure:4591: checking for dlfcn.h
configure:4598: result: yes
configure:4705: checking for C++ compiler version
configure:4708: g++ --version </dev/null >&5
g++ (GCC) 4.1.2 20080704 (Red Hat 4.1.2-54)
Copyright (C) 2006 Free Software Foundation, Inc.
This is free software; see the source for copying conditions.  There is NO
warranty; not even for MERCHANTABILITY or FITNESS FOR A PARTICULAR PURPOSE.

configure:4711: $? = 0
configure:4713: g++ -v </dev/null >&5
Using built-in specs.
Target: x86_64-redhat-linux
Configured with: ../configure --prefix=/usr --mandir=/usr/share/man --infodir=/usr/share/info --enable-shared --enable-threads=posix --enable-checking=release --with-system-zlib --enable-__cxa_atexit --disable-libunwind-exceptions --enable-libgcj-multifile --enable-languages=c,c++,objc,obj-c++,java,fortran,ada --enable-java-awt=gtk --disable-dssi --disable-plugin --with-java-home=/usr/lib/jvm/java-1.4.2-gcj-1.4.2.0/jre --with-cpu=generic --host=x86_64-redhat-linux
Thread model: posix
gcc version 4.1.2 20080704 (Red Hat 4.1.2-54)
configure:4716: $? = 0
configure:4718: g++ -V </dev/null >&5
g++: '-V' option must have argument
configure:4721: $? = 1
configure:4724: checking whether we are using the GNU C++ compiler
configure:4748: g++ -c -m32  conftest.cc >&5
configure:4754: $? = 0
configure:4758: test -z 
			 || test ! -s conftest.err
configure:4761: $? = 0
configure:4764: test -s conftest.o
configure:4767: $? = 0
configure:4780: result: yes
configure:4786: checking whether g++ accepts -g
configure:4807: g++ -c -g  conftest.cc >&5
configure:4813: $? = 0
configure:4817: test -z 
			 || test ! -s conftest.err
configure:4820: $? = 0
configure:4823: test -s conftest.o
configure:4826: $? = 0
configure:4837: result: yes
configure:4879: g++ -c -m32  conftest.cc >&5
configure:4885: $? = 0
configure:4889: test -z 
			 || test ! -s conftest.err
configure:4892: $? = 0
configure:4895: test -s conftest.o
configure:4898: $? = 0
configure:4924: g++ -c -m32  conftest.cc >&5
conftest.cc: In function 'int main()':
conftest.cc:24: error: 'exit' was not declared in this scope
configure:4930: $? = 1
configure: failed program was:
| /* confdefs.h.  */
| 
| #define PACKAGE_NAME "expat"
| #define PACKAGE_TARNAME "expat"
| #define PACKAGE_VERSION "2.0.1"
| #define PACKAGE_STRING "expat 2.0.1"
| #define PACKAGE_BUGREPORT "expat-bugs@libexpat.org"
| #define STDC_HEADERS 1
| #define HAVE_SYS_TYPES_H 1
| #define HAVE_SYS_STAT_H 1
| #define HAVE_STDLIB_H 1
| #define HAVE_STRING_H 1
| #define HAVE_MEMORY_H 1
| #define HAVE_STRINGS_H 1
| #define HAVE_INTTYPES_H 1
| #define HAVE_STDINT_H 1
| #define HAVE_UNISTD_H 1
| #define HAVE_DLFCN_H 1
| /* end confdefs.h.  */
| 
| int
| main ()
| {
| exit (42);
|   ;
|   return 0;
| }
configure:4879: g++ -c -m32  conftest.cc >&5
configure:4885: $? = 0
configure:4889: test -z 
			 || test ! -s conftest.err
configure:4892: $? = 0
configure:4895: test -s conftest.o
configure:4898: $? = 0
configure:4924: g++ -c -m32  conftest.cc >&5
configure:4930: $? = 0
configure:4934: test -z 
			 || test ! -s conftest.err
configure:4937: $? = 0
configure:4940: test -s conftest.o
configure:4943: $? = 0
configure:4976: checking how to run the C++ preprocessor
configure:5007: g++ -E  conftest.cc
configure:5013: $? = 0
configure:5045: g++ -E  conftest.cc
conftest.cc:23:28: error: ac_nonexistent.h: No such file or directory
configure:5051: $? = 1
configure: failed program was:
| /* confdefs.h.  */
| 
| #define PACKAGE_NAME "expat"
| #define PACKAGE_TARNAME "expat"
| #define PACKAGE_VERSION "2.0.1"
| #define PACKAGE_STRING "expat 2.0.1"
| #define PACKAGE_BUGREPORT "expat-bugs@libexpat.org"
| #define STDC_HEADERS 1
| #define HAVE_SYS_TYPES_H 1
| #define HAVE_SYS_STAT_H 1
| #define HAVE_STDLIB_H 1
| #define HAVE_STRING_H 1
| #define HAVE_MEMORY_H 1
| #define HAVE_STRINGS_H 1
| #define HAVE_INTTYPES_H 1
| #define HAVE_STDINT_H 1
| #define HAVE_UNISTD_H 1
| #define HAVE_DLFCN_H 1
| #ifdef __cplusplus
| extern "C" void std::exit (int) throw (); using std::exit;
| #endif
| /* end confdefs.h.  */
| #include <ac_nonexistent.h>
configure:5090: result: g++ -E
configure:5114: g++ -E  conftest.cc
configure:5120: $? = 0
configure:5152: g++ -E  conftest.cc
conftest.cc:23:28: error: ac_nonexistent.h: No such file or directory
configure:5158: $? = 1
configure: failed program was:
| /* confdefs.h.  */
| 
| #define PACKAGE_NAME "expat"
| #define PACKAGE_TARNAME "expat"
| #define PACKAGE_VERSION "2.0.1"
| #define PACKAGE_STRING "expat 2.0.1"
| #define PACKAGE_BUGREPORT "expat-bugs@libexpat.org"
| #define STDC_HEADERS 1
| #define HAVE_SYS_TYPES_H 1
| #define HAVE_SYS_STAT_H 1
| #define HAVE_STDLIB_H 1
| #define HAVE_STRING_H 1
| #define HAVE_MEMORY_H 1
| #define HAVE_STRINGS_H 1
| #define HAVE_INTTYPES_H 1
| #define HAVE_STDINT_H 1
| #define HAVE_UNISTD_H 1
| #define HAVE_DLFCN_H 1
| #ifdef __cplusplus
| extern "C" void std::exit (int) throw (); using std::exit;
| #endif
| /* end confdefs.h.  */
| #include <ac_nonexistent.h>
configure:5296: checking for Fortran 77 compiler version
configure:5299: /rtfproc/anaconda2_4.2.0/conda-bld/iraf_1522764379718/work/unix/hlib/f77.sh --version </dev/null >&5
invalid parameter --version
configure:5302: $? = 0
configure:5304: /rtfproc/anaconda2_4.2.0/conda-bld/iraf_1522764379718/work/unix/hlib/f77.sh -v </dev/null >&5
invalid parameter -v
configure:5307: $? = 0
configure:5309: /rtfproc/anaconda2_4.2.0/conda-bld/iraf_1522764379718/work/unix/hlib/f77.sh -V </dev/null >&5
invalid parameter -V
configure:5312: $? = 0
configure:5320: checking whether we are using the GNU Fortran 77 compiler
configure:5334: /rtfproc/anaconda2_4.2.0/conda-bld/iraf_1522764379718/work/unix/hlib/f77.sh -c  conftest.F >&5
sed: -e expression #1, char 69: invalid reference \1 on `s' command's RHS
f2ctmp_conftest.f:
conftest.c:13:17: error: f2c.h: No such file or directory
configure:5340: $? = 4
configure: failed program was:
|       program main
| #ifndef __GNUC__
|        choke me
| #endif
| 
|       end
configure:5366: result: no
configure:5372: checking whether /rtfproc/anaconda2_4.2.0/conda-bld/iraf_1522764379718/work/unix/hlib/f77.sh accepts -g
configure:5384: /rtfproc/anaconda2_4.2.0/conda-bld/iraf_1522764379718/work/unix/hlib/f77.sh -c -g conftest.f >&5
conftest.f:
   MAIN main:
conftest.f:13:17: error: f2c.h: No such file or directory
conftest.f: In function 'MAIN__':
conftest.f:3: warning: control reaches end of non-void function
conftest.f: In function 'main_':
conftest.f:5: warning: control reaches end of non-void function
configure:5390: $? = 1
configure: failed program was:
|       program main
| 
|       end
configure:5415: result: no
configure:5445: checking the maximum length of command line arguments
configure:5554: result: 32768
configure:5565: checking command to parse /usr/bin/nm -B output from gcc object
configure:5670: gcc -c -m32 -g -Wall  -DLinux -I../../lib/ -I./ -L./ -g -Wall  -DLinux -I../include/ -I./ -L./  conftest.c >&5
configure:5673: $? = 0
configure:5677: /usr/bin/nm -B conftest.o \| sed -n -e 's/^.*[ 	]\([ABCDGIRSTW][ABCDGIRSTW]*\)[ 	][ 	]*\([_A-Za-z][_A-Za-z0-9]*\)$/\1 \2 \2/p' \> conftest.nm
configure:5680: $? = 0
configure:5732: gcc -o conftest -m32 -g -Wall  -DLinux -I../../lib/ -I./ -L./ -g -Wall  -DLinux -I../include/ -I./ -L./   conftest.c conftstm.o >&5
configure:5735: $? = 0
configure:5773: result: ok
configure:5777: checking for objdir
configure:5792: result: .libs
configure:5882: checking for ar
configure:5898: found /usr/bin/ar
configure:5909: result: ar
configure:5962: checking for ranlib
configure:5989: result: ranlib
configure:6042: checking for strip
configure:6058: found /usr/bin/strip
configure:6069: result: strip
configure:6345: checking if gcc supports -fno-rtti -fno-exceptions
configure:6363: gcc -c -m32 -g -Wall  -DLinux -I../../lib/ -I./ -L./ -g -Wall  -DLinux -I../include/ -I./ -L./  -fno-rtti -fno-exceptions conftest.c >&5
cc1: warning: command line option "-fno-rtti" is valid for C++/ObjC++ but not for C
configure:6367: $? = 0
configure:6380: result: no
configure:6395: checking for gcc option to produce PIC
configure:6605: result: -fPIC
configure:6613: checking if gcc PIC flag -fPIC works
configure:6631: gcc -c -m32 -g -Wall  -DLinux -I../../lib/ -I./ -L./ -g -Wall  -DLinux -I../include/ -I./ -L./  -fPIC -DPIC conftest.c >&5
configure:6635: $? = 0
configure:6648: result: yes
configure:6676: checking if gcc static flag -static works
configure:6704: result: yes
configure:6714: checking if gcc supports -c -o file.o
configure:6735: gcc -c -m32 -g -Wall  -DLinux -I../../lib/ -I./ -L./ -g -Wall  -DLinux -I../include/ -I./ -L./  -o out/conftest2.o conftest.c >&5
configure:6739: $? = 0
configure:6761: result: yes
configure:6787: checking whether the gcc linker (gcc -m elf_i386) supports shared libraries
configure:7745: result: no
configure:7812: checking dynamic linker characteristics
configure:8400: result: GNU/Linux ld.so
configure:8409: checking how to hardcode library paths into programs
configure:8434: result: unsupported
configure:8448: checking whether stripping libraries is possible
configure:8453: result: yes
configure:9287: checking if libtool supports shared libraries
configure:9289: result: no
configure:9292: checking whether to build shared libraries
configure:9313: result: no
configure:9316: checking whether to build static libraries
configure:9320: result: yes
configure:9412: creating libtool
configure:10000: checking for ld used by g++
configure:10067: result: gcc -m elf_i386
configure:10076: checking if the linker (gcc -m elf_i386) is GNU ld
configure:10091: result: no
configure:10142: checking whether the g++ linker (gcc -m elf_i386) supports shared libraries
configure:11080: result: yes
configure:11102: g++ -c -m32  conftest.cpp >&5
configure:11105: $? = 0
configure:11224: checking for g++ option to produce PIC
configure:11498: result: -fPIC
configure:11506: checking if g++ PIC flag -fPIC works
configure:11524: g++ -c -m32  -fPIC -DPIC conftest.cpp >&5
configure:11528: $? = 0
configure:11541: result: yes
configure:11569: checking if g++ static flag -static works
configure:11597: result: no
configure:11607: checking if g++ supports -c -o file.o
configure:11628: g++ -c -m32  -o out/conftest2.o conftest.cpp >&5
configure:11632: $? = 0
configure:11654: result: yes
configure:11680: checking whether the g++ linker (gcc -m elf_i386) supports shared libraries
configure:11705: result: yes
configure:11772: checking dynamic linker characteristics
configure:12360: result: GNU/Linux ld.so
configure:12369: checking how to hardcode library paths into programs
configure:12394: result: unsupported
configure:12920: checking if libtool supports shared libraries
configure:12922: result: no
configure:12925: checking whether to build shared libraries
configure:12945: result: no
configure:12948: checking whether to build static libraries
configure:12952: result: yes
configure:12962: checking for /rtfproc/anaconda2_4.2.0/conda-bld/iraf_1522764379718/work/unix/hlib/f77.sh option to produce PIC
configure:13172: result: -fPIC
configure:13180: checking if /rtfproc/anaconda2_4.2.0/conda-bld/iraf_1522764379718/work/unix/hlib/f77.sh PIC flag -fPIC works
configure:13198: /rtfproc/anaconda2_4.2.0/conda-bld/iraf_1522764379718/work/unix/hlib/f77.sh -c  -fPIC conftest.f >&5
conftest.f:
   t:
conftest.c:13:17: error: f2c.h: No such file or directory
conftest.c:15: error: expected '=', ',', ';', 'asm' or '__attribute__' before 't_'
configure:13202: $? = 1
configure:13215: result: no
configure:13243: checking if /rtfproc/anaconda2_4.2.0/conda-bld/iraf_1522764379718/work/unix/hlib/f77.sh static flag -static works
configure:13271: result: no
configure:13281: checking if /rtfproc/anaconda2_4.2.0/conda-bld/iraf_1522764379718/work/unix/hlib/f77.sh supports -c -o file.o
configure:13302: /rtfproc/anaconda2_4.2.0/conda-bld/iraf_1522764379718/work/unix/hlib/f77.sh -c  -o out/conftest2.o conftest.f >&5
conftest.f:
   t:
conftest.c:13:17: error: f2c.h: No such file or directory
conftest.c:15: error: expected '=', ',', ';', 'asm' or '__attribute__' before 't_'
configure:13306: $? = 1
configure:13328: result: no
configure:13354: checking whether the /rtfproc/anaconda2_4.2.0/conda-bld/iraf_1522764379718/work/unix/hlib/f77.sh linker (gcc -m elf_i386) supports shared libraries
configure:14292: result: no
configure:14359: checking dynamic linker characteristics
configure:14947: result: GNU/Linux ld.so
configure:14956: checking how to hardcode library paths into programs
configure:14981: result: unsupported
configure:18599: checking for gcc
configure:18625: result: gcc
configure:18869: checking for C compiler version
configure:18872: gcc --version </dev/null >&5
gcc (GCC) 4.1.2 20080704 (Red Hat 4.1.2-54)
Copyright (C) 2006 Free Software Foundation, Inc.
This is free software; see the source for copying conditions.  There is NO
warranty; not even for MERCHANTABILITY or FITNESS FOR A PARTICULAR PURPOSE.

configure:18875: $? = 0
configure:18877: gcc -v </dev/null >&5
Using built-in specs.
Target: x86_64-redhat-linux
Configured with: ../configure --prefix=/usr --mandir=/usr/share/man --infodir=/usr/share/info --enable-shared --enable-threads=posix --enable-checking=release --with-system-zlib --enable-__cxa_atexit --disable-libunwind-exceptions --enable-libgcj-multifile --enable-languages=c,c++,objc,obj-c++,java,fortran,ada --enable-java-awt=gtk --disable-dssi --disable-plugin --with-java-home=/usr/lib/jvm/java-1.4.2-gcj-1.4.2.0/jre --with-cpu=generic --host=x86_64-redhat-linux
Thread model: posix
gcc version 4.1.2 20080704 (Red Hat 4.1.2-54)
configure:18880: $? = 0
configure:18882: gcc -V </dev/null >&5
gcc: '-V' option must have argument
configure:18885: $? = 1
configure:18888: checking whether we are using the GNU C compiler
configure:18944: result: yes
configure:18950: checking whether gcc accepts -g
configure:19001: result: yes
configure:19018: checking for gcc option to accept ANSI C
configure:19125: result: none needed
configure:19143: gcc -c -m32 -g -Wall  -DLinux -I../../lib/ -I./ -L./ -g -Wall  -DLinux -I../include/ -I./ -L./  conftest.c >&5
conftest.c:2: error: expected '=', ',', ';', 'asm' or '__attribute__' before 'me'
configure:19149: $? = 1
configure: failed program was:
| #ifndef __cplusplus
|   choke me
| #endif
configure:19295: checking for a BSD-compatible install
configure:19350: result: /usr/bin/install -c
configure:19365: checking whether gcc accepts -fexceptions
configure:19383: gcc -o conftest -m32 -g -Wall  -DLinux -I../../lib/ -I./ -L./ -g -Wall  -DLinux -I../include/ -I./ -L./ -Wall -Wmissing-prototypes -Wstrict-prototypes -fexceptions   conftest.c  >&5
conftest.c:26: warning: function declaration isn't a prototype
configure:19389: $? = 0
configure:19393: test -z 
			 || test ! -s conftest.err
configure:19396: $? = 0
configure:19399: test -s conftest
configure:19402: $? = 0
configure:19404: result: yes
configure:19418: checking for ANSI C header files
configure:19574: result: yes
configure:19586: checking whether byte ordering is bigendian
configure:19613: gcc -c -m32 -g -Wall  -DLinux -I../../lib/ -I./ -L./ -g -Wall  -DLinux -I../include/ -I./ -L./ -Wall -Wmissing-prototypes -Wstrict-prototypes -fexceptions  conftest.c >&5
conftest.c:28: warning: function declaration isn't a prototype
configure:19619: $? = 0
configure:19623: test -z 
			 || test ! -s conftest.err
configure:19626: $? = 0
configure:19629: test -s conftest.o
configure:19632: $? = 0
configure:19655: gcc -c -m32 -g -Wall  -DLinux -I../../lib/ -I./ -L./ -g -Wall  -DLinux -I../include/ -I./ -L./ -Wall -Wmissing-prototypes -Wstrict-prototypes -fexceptions  conftest.c >&5
conftest.c:28: warning: function declaration isn't a prototype
conftest.c: In function 'main':
conftest.c:31: error: 'not' undeclared (first use in this function)
conftest.c:31: error: (Each undeclared identifier is reported only once
conftest.c:31: error: for each function it appears in.)
conftest.c:31: error: expected ';' before 'big'
configure:19661: $? = 1
configure: failed program was:
| /* confdefs.h.  */
| 
| #define PACKAGE_NAME "expat"
| #define PACKAGE_TARNAME "expat"
| #define PACKAGE_VERSION "2.0.1"
| #define PACKAGE_STRING "expat 2.0.1"
| #define PACKAGE_BUGREPORT "expat-bugs@libexpat.org"
| #define STDC_HEADERS 1
| #define HAVE_SYS_TYPES_H 1
| #define HAVE_SYS_STAT_H 1
| #define HAVE_STDLIB_H 1
| #define HAVE_STRING_H 1
| #define HAVE_MEMORY_H 1
| #define HAVE_STRINGS_H 1
| #define HAVE_INTTYPES_H 1
| #define HAVE_STDINT_H 1
| #define HAVE_UNISTD_H 1
| #define HAVE_DLFCN_H 1
| #ifdef __cplusplus
| extern "C" void std::exit (int) throw (); using std::exit;
| #endif
| #define STDC_HEADERS 1
| /* end confdefs.h.  */
| #include <sys/types.h>
| #include <sys/param.h>
| int
| main ()
| {
| 
| #if BYTE_ORDER != BIG_ENDIAN
|  not big endian
| #endif
|   ;
|   return 0;
| }
configure:19735: result: no
configure:19792: checking for an ANSI C-conforming const
configure:19859: gcc -c -m32 -g -Wall  -DLinux -I../../lib/ -I./ -L./ -g -Wall  -DLinux -I../include/ -I./ -L./ -Wall -Wmissing-prototypes -Wstrict-prototypes -fexceptions  conftest.c >&5
conftest.c:28: warning: function declaration isn't a prototype
conftest.c: In function 'main':
conftest.c:52: warning: unused variable 's'
conftest.c:72: warning: unused variable 'foo'
conftest.c:39: warning: unused variable 'zero'
conftest.c:33: warning: unused variable 'x'
configure:19865: $? = 0
configure:19869: test -z 
			 || test ! -s conftest.err
configure:19872: $? = 0
configure:19875: test -s conftest.o
configure:19878: $? = 0
configure:19889: result: yes
configure:19899: checking for size_t
configure:19923: gcc -c -m32 -g -Wall  -DLinux -I../../lib/ -I./ -L./ -g -Wall  -DLinux -I../include/ -I./ -L./ -Wall -Wmissing-prototypes -Wstrict-prototypes -fexceptions  conftest.c >&5
conftest.c:61: warning: function declaration isn't a prototype
configure:19929: $? = 0
configure:19933: test -z 
			 || test ! -s conftest.err
configure:19936: $? = 0
configure:19939: test -s conftest.o
configure:19942: $? = 0
configure:19953: result: yes
configure:19970: checking for memmove
configure:20027: gcc -o conftest -m32 -g -Wall  -DLinux -I../../lib/ -I./ -L./ -g -Wall  -DLinux -I../include/ -I./ -L./ -Wall -Wmissing-prototypes -Wstrict-prototypes -fexceptions   conftest.c  >&5
conftest.c:49: warning: function declaration isn't a prototype
conftest.c:49: warning: conflicting types for built-in function 'memmove'
conftest.c:56: warning: function declaration isn't a prototype
conftest.c:64: warning: function declaration isn't a prototype
configure:20033: $? = 0
configure:20037: test -z 
			 || test ! -s conftest.err
configure:20040: $? = 0
configure:20043: test -s conftest
configure:20046: $? = 0
configure:20058: result: yes
configure:19970: checking for bcopy
configure:20027: gcc -o conftest -m32 -g -Wall  -DLinux -I../../lib/ -I./ -L./ -g -Wall  -DLinux -I../include/ -I./ -L./ -Wall -Wmissing-prototypes -Wstrict-prototypes -fexceptions   conftest.c  >&5
conftest.c:50: warning: function declaration isn't a prototype
conftest.c:50: warning: conflicting types for built-in function 'bcopy'
conftest.c:57: warning: function declaration isn't a prototype
conftest.c:65: warning: function declaration isn't a prototype
configure:20033: $? = 0
configure:20037: test -z 
			 || test ! -s conftest.err
configure:20040: $? = 0
configure:20043: test -s conftest
configure:20046: $? = 0
configure:20058: result: yes
configure:20084: checking fcntl.h usability
configure:20096: gcc -c -m32 -g -Wall  -DLinux -I../../lib/ -I./ -L./ -g -Wall  -DLinux -I../include/ -I./ -L./ -Wall -Wmissing-prototypes -Wstrict-prototypes -fexceptions  conftest.c >&5
configure:20102: $? = 0
configure:20106: test -z 
			 || test ! -s conftest.err
configure:20109: $? = 0
configure:20112: test -s conftest.o
configure:20115: $? = 0
configure:20125: result: yes
configure:20129: checking fcntl.h presence
configure:20139: gcc -E  conftest.c
configure:20145: $? = 0
configure:20165: result: yes
configure:20200: checking for fcntl.h
configure:20207: result: yes
configure:20075: checking for unistd.h
configure:20080: result: yes
configure:20220: checking for off_t
configure:20244: gcc -c -m32 -g -Wall  -DLinux -I../../lib/ -I./ -L./ -g -Wall  -DLinux -I../include/ -I./ -L./ -Wall -Wmissing-prototypes -Wstrict-prototypes -fexceptions  conftest.c >&5
conftest.c:65: warning: function declaration isn't a prototype
configure:20250: $? = 0
configure:20254: test -z 
			 || test ! -s conftest.err
configure:20257: $? = 0
configure:20260: test -s conftest.o
configure:20263: $? = 0
configure:20274: result: yes
configure:20292: checking for stdlib.h
configure:20297: result: yes
configure:20292: checking for unistd.h
configure:20297: result: yes
configure:20441: checking for getpagesize
configure:20498: gcc -o conftest -m32 -g -Wall  -DLinux -I../../lib/ -I./ -L./ -g -Wall  -DLinux -I../include/ -I./ -L./ -Wall -Wmissing-prototypes -Wstrict-prototypes -fexceptions   conftest.c  >&5
conftest.c:55: warning: function declaration isn't a prototype
conftest.c:62: warning: function declaration isn't a prototype
conftest.c:70: warning: function declaration isn't a prototype
configure:20504: $? = 0
configure:20508: test -z 
			 || test ! -s conftest.err
configure:20511: $? = 0
configure:20514: test -s conftest
configure:20517: $? = 0
configure:20529: result: yes
configure:20539: checking for working mmap
configure:20681: gcc -o conftest -m32 -g -Wall  -DLinux -I../../lib/ -I./ -L./ -g -Wall  -DLinux -I../include/ -I./ -L./ -Wall -Wmissing-prototypes -Wstrict-prototypes -fexceptions   conftest.c  >&5
conftest.c:137: warning: function declaration isn't a prototype
configure:20684: $? = 0
configure:20686: ./conftest
configure:20689: $? = 0
configure:20703: result: yes
configure:20731: checking for an ANSI C99-conforming __func__
configure:20752: gcc -c -m32 -g -Wall  -DLinux -I../../lib/ -I./ -L./ -g -Wall  -DLinux -I../include/ -I./ -L./ -Wall -Wmissing-prototypes -Wstrict-prototypes -fexceptions  conftest.c >&5
conftest.c:36: warning: function declaration isn't a prototype
conftest.c: In function 'main':
conftest.c:37: warning: initialization discards qualifiers from pointer target type
conftest.c:37: warning: unused variable 'foo'
configure:20758: $? = 0
configure:20762: test -z 
			 || test ! -s conftest.err
configure:20765: $? = 0
configure:20768: test -s conftest.o
configure:20771: $? = 0
configure:20826: result: yes
configure:20957: creating ./config.status

## ---------------------- ##
## Running config.status. ##
## ---------------------- ##

This file was extended by expat config.status 2.0.1, which was
generated by GNU Autoconf 2.59.  Invocation command line was

  CONFIG_FILES    = 
  CONFIG_HEADERS  = 
  CONFIG_LINKS    = 
  CONFIG_COMMANDS = 
  $ ./config.status 

on sbfrtf02.cl.gemini.edu

config.status:683: creating Makefile
config.status:787: creating expat_config.h
config.status:917: expat_config.h is unchanged

## ---------------- ##
## Cache variables. ##
## ---------------- ##

ac_cv_build=x86_64-unknown-linux-gnu
ac_cv_build_alias=x86_64-unknown-linux-gnu
ac_cv_c_bigendian=no
ac_cv_c_compiler_gnu=yes
ac_cv_c_const=yes
ac_cv_cpp_func=yes
ac_cv_cxx_compiler_gnu=yes
ac_cv_env_CC_set=set
ac_cv_env_CC_value=gcc
ac_cv_env_CFLAGS_set=set
ac_cv_env_CFLAGS_value='-m32 -g -Wall  -DLinux -I../../lib/ -I./ -L./ -g -Wall  -DLinux -I../include/ -I./ -L./'
ac_cv_env_CPPFLAGS_set=
ac_cv_env_CPPFLAGS_value=
ac_cv_env_CPP_set=
ac_cv_env_CPP_value=
ac_cv_env_CXXCPP_set=
ac_cv_env_CXXCPP_value=
ac_cv_env_CXXFLAGS_set=set
ac_cv_env_CXXFLAGS_value=-m32
ac_cv_env_CXX_set=set
ac_cv_env_CXX_value=g++
ac_cv_env_F77_set=set
ac_cv_env_F77_value=/rtfproc/anaconda2_4.2.0/conda-bld/iraf_1522764379718/work/unix/hlib/f77.sh
ac_cv_env_FFLAGS_set=
ac_cv_env_FFLAGS_value=
ac_cv_env_LDFLAGS_set=
ac_cv_env_LDFLAGS_value=
ac_cv_env_build_alias_set=
ac_cv_env_build_alias_value=
ac_cv_env_host_alias_set=
ac_cv_env_host_alias_value=
ac_cv_env_target_alias_set=
ac_cv_env_target_alias_value=
ac_cv_exeext=
ac_cv_f77_compiler_gnu=no
ac_cv_func_bcopy=yes
ac_cv_func_getpagesize=yes
ac_cv_func_memmove=yes
ac_cv_func_mmap_fixed_mapped=yes
ac_cv_header_dlfcn_h=yes
ac_cv_header_fcntl_h=yes
ac_cv_header_inttypes_h=yes
ac_cv_header_memory_h=yes
ac_cv_header_stdc=yes
ac_cv_header_stdint_h=yes
ac_cv_header_stdlib_h=yes
ac_cv_header_string_h=yes
ac_cv_header_strings_h=yes
ac_cv_header_sys_stat_h=yes
ac_cv_header_sys_types_h=yes
ac_cv_header_unistd_h=yes
ac_cv_host=x86_64-unknown-linux-gnu
ac_cv_host_alias=x86_64-unknown-linux-gnu
ac_cv_objext=o
ac_cv_path_install='/usr/bin/install -c'
ac_cv_prog_CPP='gcc -E'
ac_cv_prog_CXXCPP='g++ -E'
ac_cv_prog_ac_ct_AR=ar
ac_cv_prog_ac_ct_CC=gcc
ac_cv_prog_ac_ct_RANLIB=ranlib
ac_cv_prog_ac_ct_STRIP=strip
ac_cv_prog_cc_g=yes
ac_cv_prog_cc_stdc=
ac_cv_prog_cxx_g=yes
ac_cv_prog_egrep='grep -E'
ac_cv_prog_f77_g=no
ac_cv_type_off_t=yes
ac_cv_type_size_t=yes
lt_cv_deplibs_check_method=pass_all
lt_cv_file_magic_cmd='$MAGIC_CMD'
lt_cv_file_magic_test_file=
lt_cv_ld_reload_flag=-r
lt_cv_objdir=.libs
lt_cv_path_LD=gcc
lt_cv_path_LDCXX='gcc -m elf_i386'
lt_cv_path_NM='/usr/bin/nm -B'
lt_cv_path_SED=/bin/sed
lt_cv_prog_compiler_c_o=yes
lt_cv_prog_compiler_c_o_CXX=yes
lt_cv_prog_compiler_c_o_F77=no
lt_cv_prog_compiler_rtti_exceptions=no
lt_cv_prog_gnu_ld=no
lt_cv_prog_gnu_ldcxx=no
lt_cv_sys_global_symbol_pipe='sed -n -e '\''s/^.*[ 	]\([ABCDGIRSTW][ABCDGIRSTW]*\)[ 	][ 	]*\([_A-Za-z][_A-Za-z0-9]*\)$/\1 \2 \2/p'\'''
lt_cv_sys_global_symbol_to_c_name_address='sed -n -e '\''s/^: \([^ ]*\) $/  {\"\1\", (lt_ptr) 0},/p'\'' -e '\''s/^[BCDEGRST] \([^ ]*\) \([^ ]*\)$/  {"\2", (lt_ptr) \&\2},/p'\'''
lt_cv_sys_global_symbol_to_cdecl='sed -n -e '\''s/^. .* \(.*\)$/extern int \1;/p'\'''
lt_cv_sys_max_cmd_len=32768
lt_lt_cv_prog_compiler_c_o='"yes"'
lt_lt_cv_prog_compiler_c_o_CXX='"yes"'
lt_lt_cv_prog_compiler_c_o_F77='"no"'
lt_lt_cv_sys_global_symbol_pipe='"sed -n -e '\''s/^.*[ 	]\\([ABCDGIRSTW][ABCDGIRSTW]*\\)[ 	][ 	]*\\([_A-Za-z][_A-Za-z0-9]*\\)\$/\\1 \\2 \\2/p'\''"'
lt_lt_cv_sys_global_symbol_to_c_name_address='"sed -n -e '\''s/^: \\([^ ]*\\) \$/  {\\\"\\1\\\", (lt_ptr) 0},/p'\'' -e '\''s/^[BCDEGRST] \\([^ ]*\\) \\([^ ]*\\)\$/  {\"\\2\", (lt_ptr) \\&\\2},/p'\''"'
lt_lt_cv_sys_global_symbol_to_cdecl='"sed -n -e '\''s/^. .* \\(.*\\)\$/extern int \\1;/p'\''"'

## ----------------- ##
## Output variables. ##
## ----------------- ##

AR='ar'
AS='as'
CC='gcc'
CFLAGS='-m32 -g -Wall  -DLinux -I../../lib/ -I./ -L./ -g -Wall  -DLinux -I../include/ -I./ -L./ -Wall -Wmissing-prototypes -Wstrict-prototypes -fexceptions'
CPP='gcc -E'
CPPFLAGS=''
CXX='g++'
CXXCPP='g++ -E'
CXXFLAGS='-m32 -g -Wall  -DLinux -I../../lib/ -I./ -L./ -g -Wall  -DLinux -I../include/ -I./ -L./ -Wall -fexceptions'
DEFS='-DHAVE_CONFIG_H'
DLLTOOL='dlltool'
ECHO='echo'
ECHO_C=''
ECHO_N='-n'
ECHO_T=''
EGREP='grep -E'
EXEEXT=''
F77='/rtfproc/anaconda2_4.2.0/conda-bld/iraf_1522764379718/work/unix/hlib/f77.sh'
FFLAGS=''
FILEMAP='unixfilemap'
INSTALL_DATA='${INSTALL} -m 644'
INSTALL_PROGRAM='${INSTALL}'
INSTALL_SCRIPT='${INSTALL}'
LDFLAGS=''
LIBAGE='5'
LIBCURRENT='6'
LIBOBJS=''
LIBREVISION='2'
LIBS=''
LIBTOOL='$(SHELL) $(top_builddir)/libtool'
LN_S='ln -s'
LTLIBOBJS=''
OBJDUMP='objdump'
OBJEXT='o'
PACKAGE_BUGREPORT='expat-bugs@libexpat.org'
PACKAGE_NAME='expat'
PACKAGE_STRING='expat 2.0.1'
PACKAGE_TARNAME='expat'
PACKAGE_VERSION='2.0.1'
PATH_SEPARATOR=':'
RANLIB='ranlib'
SHELL='/bin/sh'
STRIP='strip'
ac_ct_AR='ar'
ac_ct_AS=''
ac_ct_CC='gcc'
ac_ct_CXX=''
ac_ct_DLLTOOL=''
ac_ct_F77=''
ac_ct_OBJDUMP=''
ac_ct_RANLIB='ranlib'
ac_ct_STRIP='strip'
bindir='${exec_prefix}/bin'
build='x86_64-unknown-linux-gnu'
build_alias=''
build_cpu='x86_64'
build_os='linux-gnu'
build_vendor='unknown'
datadir='${prefix}/share'
exec_prefix='${prefix}'
host='x86_64-unknown-linux-gnu'
host_alias=''
host_cpu='x86_64'
host_os='linux-gnu'
host_vendor='unknown'
includedir='${prefix}/include'
infodir='${prefix}/info'
libdir='${exec_prefix}/lib'
libexecdir='${exec_prefix}/libexec'
localstatedir='${prefix}/var'
mandir='${prefix}/man'
oldincludedir='/usr/include'
prefix='/rtfproc/anaconda2_4.2.0/conda-bld/iraf_1522764379718/work/vendor/voclient/common/../'
program_transform_name='s,x,x,'
sbindir='${exec_prefix}/sbin'
sharedstatedir='${prefix}/com'
sysconfdir='${prefix}/etc'
target_alias=''

## ----------- ##
## confdefs.h. ##
## ----------- ##

#define BYTEORDER 1234
#define HAVE_BCOPY 1
#define HAVE_DLFCN_H 1
#define HAVE_FCNTL_H 1
#define HAVE_GETPAGESIZE 1
#define HAVE_INTTYPES_H 1
#define HAVE_MEMMOVE 1
#define HAVE_MEMORY_H 1
#define HAVE_MMAP 1
#define HAVE_STDINT_H 1
#define HAVE_STDLIB_H 1
#define HAVE_STDLIB_H 1
#define HAVE_STRINGS_H 1
#define HAVE_STRING_H 1
#define HAVE_SYS_STAT_H 1
#define HAVE_SYS_TYPES_H 1
#define HAVE_UNISTD_H 1
#define HAVE_UNISTD_H 1
#define HAVE_UNISTD_H 1
#define PACKAGE_BUGREPORT "expat-bugs@libexpat.org"
#define PACKAGE_NAME "expat"
#define PACKAGE_STRING "expat 2.0.1"
#define PACKAGE_TARNAME "expat"
#define PACKAGE_VERSION "2.0.1"
#define STDC_HEADERS 1
#define STDC_HEADERS 1
#define XML_CONTEXT_BYTES 1024
#define XML_DTD 1
#define XML_NS 1
#endif
#ifdef __cplusplus
extern "C" void std::exit (int) throw (); using std::exit;

configure: exit 0
